<?xml version="1.0" encoding="UTF-8"?>
<testsuite xmlns:xsi="http://www.w3.org/2001/XMLSchema-instance" xsi:noNamespaceSchemaLocation="https://maven.apache.org/surefire/maven-surefire-plugin/xsd/surefire-test-report.xsd" version="3.0.2" name="StepDefinitions.TestRunner" time="159.294" tests="14" errors="0" skipped="0" failures="0">
  <properties>
[...]
</properties>
  <testcase name="Successful registration with valid data #1" classname="nopCommerce User Registration" time="12.87">
    <system-out><![CDATA[
&amp#27;[1mScenario Outline:&amp#27;[22m Successful registration with valid data              &amp#27;[90m# file:///C:/Users/Spandana/git/Swapna_Capstone_Project_Repo/NopCommerce/src/test/resources/feature/A_Register.feature:14&amp#27;[39m
  &amp#27;[32mâœ”&amp#27;[39m &amp#27;[32m&amp#27;[1mGiven &amp#27;[22mUser launches the browser and navigates to homepage&amp#27;[39m          &amp#27;[90m# StepDefinitions.A_Register.user_launches_the_browser_and_navigates_to_homepage()&amp#27;[39m
  &amp#27;[32mâœ”&amp#27;[39m &amp#27;[32m&amp#27;[1mWhen &amp#27;[22mUser navigates to the Register page&amp#27;[39m                           &amp#27;[90m# StepDefinitions.A_Register.user_navigates_to_the_register_page()&amp#27;[39m
  &amp#27;[32mâœ”&amp#27;[39m &amp#27;[32m&amp#27;[1mAnd &amp#27;[22mUser selects gender as &amp#27;[1m"Female"&amp#27;[22m&amp#27;[39m                                &amp#27;[90m# StepDefinitions.A_Register.user_selects_gender_as(java.lang.String)&amp#27;[39m
  &amp#27;[32mâœ”&amp#27;[39m &amp#27;[32m&amp#27;[1mAnd &amp#27;[22mUser enters First name &amp#27;[1m"MARY SWAPNA"&amp#27;[22m and Last name &amp#27;[1m"ANKIREDDY"&amp#27;[22m&amp#27;[39m &amp#27;[90m# StepDefinitions.A_Register.user_enters_first_name_and_last_name(java.lang.String,java.lang.String)&amp#27;[39m
  &amp#27;[32mâœ”&amp#27;[39m &amp#27;[32m&amp#27;[1mAnd &amp#27;[22mUser enters unique &amp#27;[1m"swapnaankireddy92@gmail.com"&amp#27;[22m&amp#27;[39m               &amp#27;[90m# StepDefinitions.A_Register.user_enters_unique(java.lang.String)&amp#27;[39m
  &amp#27;[32mâœ”&amp#27;[39m &amp#27;[32m&amp#27;[1mAnd &amp#27;[22mUser sets password &amp#27;[1m"abc123"&amp#27;[22m and confirms password&amp#27;[39m              &amp#27;[90m# StepDefinitions.A_Register.user_sets_password_and_confirms_password(java.lang.String)&amp#27;[39m
  &amp#27;[32mâœ”&amp#27;[39m &amp#27;[32m&amp#27;[1mAnd &amp#27;[22mUser clicks on the Register button&amp#27;[39m                             &amp#27;[90m# StepDefinitions.A_Register.user_clicks_on_the_register_button()&amp#27;[39m
registered successfully
  &amp#27;[32mâœ”&amp#27;[39m &amp#27;[32m&amp#27;[1mThen &amp#27;[22mA success message should be displayed&amp#27;[39m                         &amp#27;[90m# StepDefinitions.A_Register.a_success_message_should_be_displayed()&amp#27;[39m
]]></system-out>
    <system-err><![CDATA[Sep 06, 2025 8:56:59 AM org.openqa.selenium.devtools.CdpVersionFinder findNearestMatch
WARNING: Unable to find CDP implementation matching 139
Sep 06, 2025 8:56:59 AM org.openqa.selenium.chromium.ChromiumDriver lambda$new$5
WARNING: Unable to find version of CDP to use for 139.0.7258.157. You may need to include a dependency on a specific version of the CDP using something similar to `org.seleniumhq.selenium:selenium-devtools-v86:4.22.0` where the version ("v86") matches the version of the chromium-based browser you're using and the version number of the artifact is the same as Selenium's.
]]></system-err>
  </testcase>
  <testcase name="Successful registration with valid data #2" classname="nopCommerce User Registration" time="13.385">
    <system-out><![CDATA[
&amp#27;[1mScenario Outline:&amp#27;[22m Successful registration with valid data          &amp#27;[90m# file:///C:/Users/Spandana/git/Swapna_Capstone_Project_Repo/NopCommerce/src/test/resources/feature/A_Register.feature:15&amp#27;[39m
  &amp#27;[32mâœ”&amp#27;[39m &amp#27;[32m&amp#27;[1mGiven &amp#27;[22mUser launches the browser and navigates to homepage&amp#27;[39m      &amp#27;[90m# StepDefinitions.A_Register.user_launches_the_browser_and_navigates_to_homepage()&amp#27;[39m
  &amp#27;[32mâœ”&amp#27;[39m &amp#27;[32m&amp#27;[1mWhen &amp#27;[22mUser navigates to the Register page&amp#27;[39m                       &amp#27;[90m# StepDefinitions.A_Register.user_navigates_to_the_register_page()&amp#27;[39m
  &amp#27;[32mâœ”&amp#27;[39m &amp#27;[32m&amp#27;[1mAnd &amp#27;[22mUser selects gender as &amp#27;[1m"Male"&amp#27;[22m&amp#27;[39m                              &amp#27;[90m# StepDefinitions.A_Register.user_selects_gender_as(java.lang.String)&amp#27;[39m
  &amp#27;[32mâœ”&amp#27;[39m &amp#27;[32m&amp#27;[1mAnd &amp#27;[22mUser enters First name &amp#27;[1m"Prathap"&amp#27;[22m and Last name &amp#27;[1m"ANKIREDDY"&amp#27;[22m&amp#27;[39m &amp#27;[90m# StepDefinitions.A_Register.user_enters_first_name_and_last_name(java.lang.String,java.lang.String)&amp#27;[39m
  &amp#27;[32mâœ”&amp#27;[39m &amp#27;[32m&amp#27;[1mAnd &amp#27;[22mUser enters unique &amp#27;[1m"ankireddyprathap@gmail.com"&amp#27;[22m&amp#27;[39m            &amp#27;[90m# StepDefinitions.A_Register.user_enters_unique(java.lang.String)&amp#27;[39m
  &amp#27;[32mâœ”&amp#27;[39m &amp#27;[32m&amp#27;[1mAnd &amp#27;[22mUser sets password &amp#27;[1m"abc123"&amp#27;[22m and confirms password&amp#27;[39m          &amp#27;[90m# StepDefinitions.A_Register.user_sets_password_and_confirms_password(java.lang.String)&amp#27;[39m
  &amp#27;[32mâœ”&amp#27;[39m &amp#27;[32m&amp#27;[1mAnd &amp#27;[22mUser clicks on the Register button&amp#27;[39m                         &amp#27;[90m# StepDefinitions.A_Register.user_clicks_on_the_register_button()&amp#27;[39m
registered successfully
  &amp#27;[32mâœ”&amp#27;[39m &amp#27;[32m&amp#27;[1mThen &amp#27;[22mA success message should be displayed&amp#27;[39m                     &amp#27;[90m# StepDefinitions.A_Register.a_success_message_should_be_displayed()&amp#27;[39m
]]></system-out>
    <system-err><![CDATA[Sep 06, 2025 8:57:08 AM org.openqa.selenium.devtools.CdpVersionFinder findNearestMatch
WARNING: Unable to find CDP implementation matching 139
Sep 06, 2025 8:57:08 AM org.openqa.selenium.chromium.ChromiumDriver lambda$new$5
WARNING: Unable to find version of CDP to use for 139.0.7258.157. You may need to include a dependency on a specific version of the CDP using something similar to `org.seleniumhq.selenium:selenium-devtools-v86:4.22.0` where the version ("v86") matches the version of the chromium-based browser you're using and the version number of the artifact is the same as Selenium's.
]]></system-err>
  </testcase>
  <testcase name="Logging in with valid or invalid credentials #1" classname="nopCommerce user Login" time="7.777">
    <system-out><![CDATA[
&amp#27;[1mScenario Outline:&amp#27;[22m Logging in with valid or invalid credentials                     &amp#27;[90m# file:///C:/Users/Spandana/git/Swapna_Capstone_Project_Repo/NopCommerce/src/test/resources/feature/B_Login.feature:9&amp#27;[39m
  &amp#27;[32mâœ”&amp#27;[39m &amp#27;[32m&amp#27;[1mGiven &amp#27;[22mthe user opens the browser and navigates to website&amp#27;[39m                      &amp#27;[90m# StepDefinitions.B_Login.the_user_opens_the_browser_and_navigates_to_website()&amp#27;[39m
  &amp#27;[32mâœ”&amp#27;[39m &amp#27;[32m&amp#27;[1mWhen &amp#27;[22mthe user enters email &amp#27;[1m"swapnaankireddy92@gmail.com"&amp#27;[22m and password &amp#27;[1m"abc123"&amp#27;[22m&amp#27;[39m &amp#27;[90m# StepDefinitions.B_Login.the_user_enters_email_and_password(java.lang.String,java.lang.String)&amp#27;[39m
  &amp#27;[32mâœ”&amp#27;[39m &amp#27;[32m&amp#27;[1mAnd &amp#27;[22mclicks login button&amp#27;[39m                                                        &amp#27;[90m# StepDefinitions.B_Login.clicks_login_button()&amp#27;[39m
Successfully logged in
  &amp#27;[32mâœ”&amp#27;[39m &amp#27;[32m&amp#27;[1mThen &amp#27;[22mSuccessfully logging In&amp#27;[39m                                                   &amp#27;[90m# StepDefinitions.B_Login.successfully_logging_in()&amp#27;[39m
]]></system-out>
    <system-err><![CDATA[Sep 06, 2025 8:57:22 AM org.openqa.selenium.devtools.CdpVersionFinder findNearestMatch
WARNING: Unable to find CDP implementation matching 139
Sep 06, 2025 8:57:22 AM org.openqa.selenium.chromium.ChromiumDriver lambda$new$5
WARNING: Unable to find version of CDP to use for 139.0.7258.157. You may need to include a dependency on a specific version of the CDP using something similar to `org.seleniumhq.selenium:selenium-devtools-v86:4.22.0` where the version ("v86") matches the version of the chromium-based browser you're using and the version number of the artifact is the same as Selenium's.
]]></system-err>
  </testcase>
  <testcase name="Logging in with valid or invalid credentials #2" classname="nopCommerce user Login" time="8.447">
    <system-out><![CDATA[
&amp#27;[1mScenario Outline:&amp#27;[22m Logging in with valid or invalid credentials                    &amp#27;[90m# file:///C:/Users/Spandana/git/Swapna_Capstone_Project_Repo/NopCommerce/src/test/resources/feature/B_Login.feature:10&amp#27;[39m
  &amp#27;[32mâœ”&amp#27;[39m &amp#27;[32m&amp#27;[1mGiven &amp#27;[22mthe user opens the browser and navigates to website&amp#27;[39m                     &amp#27;[90m# StepDefinitions.B_Login.the_user_opens_the_browser_and_navigates_to_website()&amp#27;[39m
  &amp#27;[32mâœ”&amp#27;[39m &amp#27;[32m&amp#27;[1mWhen &amp#27;[22mthe user enters email &amp#27;[1m"ankireddyprathap@gmail.com"&amp#27;[22m and password &amp#27;[1m"abc123"&amp#27;[22m&amp#27;[39m &amp#27;[90m# StepDefinitions.B_Login.the_user_enters_email_and_password(java.lang.String,java.lang.String)&amp#27;[39m
  &amp#27;[32mâœ”&amp#27;[39m &amp#27;[32m&amp#27;[1mAnd &amp#27;[22mclicks login button&amp#27;[39m                                                       &amp#27;[90m# StepDefinitions.B_Login.clicks_login_button()&amp#27;[39m
Successfully logged in
  &amp#27;[32mâœ”&amp#27;[39m &amp#27;[32m&amp#27;[1mThen &amp#27;[22mSuccessfully logging In&amp#27;[39m                                                  &amp#27;[90m# StepDefinitions.B_Login.successfully_logging_in()&amp#27;[39m
]]></system-out>
    <system-err><![CDATA[Sep 06, 2025 8:57:30 AM org.openqa.selenium.devtools.CdpVersionFinder findNearestMatch
WARNING: Unable to find CDP implementation matching 139
Sep 06, 2025 8:57:30 AM org.openqa.selenium.chromium.ChromiumDriver lambda$new$5
WARNING: Unable to find version of CDP to use for 139.0.7258.157. You may need to include a dependency on a specific version of the CDP using something similar to `org.seleniumhq.selenium:selenium-devtools-v86:4.22.0` where the version ("v86") matches the version of the chromium-based browser you're using and the version number of the artifact is the same as Selenium's.
]]></system-err>
  </testcase>
  <testcase name="Search for products in search bar #1" classname="Product Search using the search bar" time="6.332">
    <system-out><![CDATA[
&amp#27;[1mScenario Outline:&amp#27;[22m Search for products in search bar &amp#27;[90m# file:///C:/Users/Spandana/git/Swapna_Capstone_Project_Repo/NopCommerce/src/test/resources/feature/C_Search.feature:9&amp#27;[39m
  &amp#27;[32mâœ”&amp#27;[39m &amp#27;[32m&amp#27;[1mGiven &amp#27;[22mopen the nopCommerce homepage&amp#27;[39m             &amp#27;[90m# StepDefinitions.C_Search.open_the_nop_commerce_homepage()&amp#27;[39m
  &amp#27;[32mâœ”&amp#27;[39m &amp#27;[32m&amp#27;[1mWhen &amp#27;[22menter &amp#27;[1m"Laptop"&amp#27;[22m in the search bar&amp#27;[39m           &amp#27;[90m# StepDefinitions.C_Search.enter_in_the_search_bar(java.lang.String)&amp#27;[39m
  &amp#27;[32mâœ”&amp#27;[39m &amp#27;[32m&amp#27;[1mAnd &amp#27;[22mclick the Search button&amp#27;[39m                     &amp#27;[90m# StepDefinitions.C_Search.click_the_search_button()&amp#27;[39m
search successfull
  &amp#27;[32mâœ”&amp#27;[39m &amp#27;[32m&amp#27;[1mThen &amp#27;[22msearching product successfull&amp#27;[39m              &amp#27;[90m# StepDefinitions.C_Search.searching_product_successfull()&amp#27;[39m
]]></system-out>
    <system-err><![CDATA[Sep 06, 2025 8:57:38 AM org.openqa.selenium.devtools.CdpVersionFinder findNearestMatch
WARNING: Unable to find CDP implementation matching 139
Sep 06, 2025 8:57:38 AM org.openqa.selenium.chromium.ChromiumDriver lambda$new$5
WARNING: Unable to find version of CDP to use for 139.0.7258.157. You may need to include a dependency on a specific version of the CDP using something similar to `org.seleniumhq.selenium:selenium-devtools-v86:4.22.0` where the version ("v86") matches the version of the chromium-based browser you're using and the version number of the artifact is the same as Selenium's.
]]></system-err>
  </testcase>
  <testcase name="Search for products in search bar #2" classname="Product Search using the search bar" time="6.75">
    <system-out><![CDATA[
&amp#27;[1mScenario Outline:&amp#27;[22m Search for products in search bar &amp#27;[90m# file:///C:/Users/Spandana/git/Swapna_Capstone_Project_Repo/NopCommerce/src/test/resources/feature/C_Search.feature:10&amp#27;[39m
  &amp#27;[32mâœ”&amp#27;[39m &amp#27;[32m&amp#27;[1mGiven &amp#27;[22mopen the nopCommerce homepage&amp#27;[39m             &amp#27;[90m# StepDefinitions.C_Search.open_the_nop_commerce_homepage()&amp#27;[39m
  &amp#27;[32mâœ”&amp#27;[39m &amp#27;[32m&amp#27;[1mWhen &amp#27;[22menter &amp#27;[1m"Smartphone"&amp#27;[22m in the search bar&amp#27;[39m       &amp#27;[90m# StepDefinitions.C_Search.enter_in_the_search_bar(java.lang.String)&amp#27;[39m
  &amp#27;[32mâœ”&amp#27;[39m &amp#27;[32m&amp#27;[1mAnd &amp#27;[22mclick the Search button&amp#27;[39m                     &amp#27;[90m# StepDefinitions.C_Search.click_the_search_button()&amp#27;[39m
search successfull
  &amp#27;[32mâœ”&amp#27;[39m &amp#27;[32m&amp#27;[1mThen &amp#27;[22msearching product successfull&amp#27;[39m              &amp#27;[90m# StepDefinitions.C_Search.searching_product_successfull()&amp#27;[39m
]]></system-out>
    <system-err><![CDATA[Sep 06, 2025 8:57:45 AM org.openqa.selenium.devtools.CdpVersionFinder findNearestMatch
WARNING: Unable to find CDP implementation matching 139
Sep 06, 2025 8:57:45 AM org.openqa.selenium.chromium.ChromiumDriver lambda$new$5
WARNING: Unable to find version of CDP to use for 139.0.7258.157. You may need to include a dependency on a specific version of the CDP using something similar to `org.seleniumhq.selenium:selenium-devtools-v86:4.22.0` where the version ("v86") matches the version of the chromium-based browser you're using and the version number of the artifact is the same as Selenium's.
]]></system-err>
  </testcase>
  <testcase name="Customer adds a product to the shopping cart and delete from cart #1" classname="Add to Cart" time="23.904">
    <system-out><![CDATA[
&amp#27;[1mScenario Outline:&amp#27;[22m Customer adds a product to the shopping cart and delete from cart &amp#27;[90m# file:///C:/Users/Spandana/git/Swapna_Capstone_Project_Repo/NopCommerce/src/test/resources/feature/D_Cart.feature:11&amp#27;[39m
  &amp#27;[32mâœ”&amp#27;[39m &amp#27;[32m&amp#27;[1mGiven &amp#27;[22mUser on the nopCommerce home page&amp#27;[39m                                         &amp#27;[90m# StepDefinitions.D_Cart.user_on_the_nop_commerce_home_page()&amp#27;[39m
  &amp#27;[32mâœ”&amp#27;[39m &amp#27;[32m&amp#27;[1mWhen &amp#27;[22msearch for &amp#27;[1m"laptop"&amp#27;[22m&amp#27;[39m                                                        &amp#27;[90m# StepDefinitions.D_Cart.search_for(java.lang.String)&amp#27;[39m
  &amp#27;[32mâœ”&amp#27;[39m &amp#27;[32m&amp#27;[1mAnd &amp#27;[22mselect the first product from the search results&amp#27;[39m                            &amp#27;[90m# StepDefinitions.D_Cart.select_the_first_product_from_the_search_results()&amp#27;[39m
  &amp#27;[32mâœ”&amp#27;[39m &amp#27;[32m&amp#27;[1mAnd &amp#27;[22madd the product to the cart&amp#27;[39m                                                 &amp#27;[90m# StepDefinitions.D_Cart.add_the_product_to_the_cart()&amp#27;[39m
  &amp#27;[32mâœ”&amp#27;[39m &amp#27;[32m&amp#27;[1mAnd &amp#27;[22mdelete from cart&amp#27;[39m                                                            &amp#27;[90m# StepDefinitions.D_Cart.delete_from_cart()&amp#27;[39m
Added and deleted from cart
  &amp#27;[32mâœ”&amp#27;[39m &amp#27;[32m&amp#27;[1mThen &amp#27;[22msuccessfully added and deleted from cart&amp#27;[39m                                   &amp#27;[90m# StepDefinitions.D_Cart.successfully_added_and_deleted_from_cart()&amp#27;[39m
]]></system-out>
    <system-err><![CDATA[Sep 06, 2025 8:57:51 AM org.openqa.selenium.devtools.CdpVersionFinder findNearestMatch
WARNING: Unable to find CDP implementation matching 139
Sep 06, 2025 8:57:51 AM org.openqa.selenium.chromium.ChromiumDriver lambda$new$5
WARNING: Unable to find version of CDP to use for 139.0.7258.157. You may need to include a dependency on a specific version of the CDP using something similar to `org.seleniumhq.selenium:selenium-devtools-v86:4.22.0` where the version ("v86") matches the version of the chromium-based browser you're using and the version number of the artifact is the same as Selenium's.
]]></system-err>
  </testcase>
  <testcase name="Customer adds a product to the shopping cart and delete from cart #2" classname="Add to Cart" time="19.203">
    <system-out><![CDATA[
&amp#27;[1mScenario Outline:&amp#27;[22m Customer adds a product to the shopping cart and delete from cart &amp#27;[90m# file:///C:/Users/Spandana/git/Swapna_Capstone_Project_Repo/NopCommerce/src/test/resources/feature/D_Cart.feature:12&amp#27;[39m
  &amp#27;[32mâœ”&amp#27;[39m &amp#27;[32m&amp#27;[1mGiven &amp#27;[22mUser on the nopCommerce home page&amp#27;[39m                                         &amp#27;[90m# StepDefinitions.D_Cart.user_on_the_nop_commerce_home_page()&amp#27;[39m
  &amp#27;[32mâœ”&amp#27;[39m &amp#27;[32m&amp#27;[1mWhen &amp#27;[22msearch for &amp#27;[1m"Apple iCam"&amp#27;[22m&amp#27;[39m                                                    &amp#27;[90m# StepDefinitions.D_Cart.search_for(java.lang.String)&amp#27;[39m
  &amp#27;[32mâœ”&amp#27;[39m &amp#27;[32m&amp#27;[1mAnd &amp#27;[22mselect the first product from the search results&amp#27;[39m                            &amp#27;[90m# StepDefinitions.D_Cart.select_the_first_product_from_the_search_results()&amp#27;[39m
  &amp#27;[32mâœ”&amp#27;[39m &amp#27;[32m&amp#27;[1mAnd &amp#27;[22madd the product to the cart&amp#27;[39m                                                 &amp#27;[90m# StepDefinitions.D_Cart.add_the_product_to_the_cart()&amp#27;[39m
  &amp#27;[32mâœ”&amp#27;[39m &amp#27;[32m&amp#27;[1mAnd &amp#27;[22mdelete from cart&amp#27;[39m                                                            &amp#27;[90m# StepDefinitions.D_Cart.delete_from_cart()&amp#27;[39m
Added and deleted from cart
  &amp#27;[32mâœ”&amp#27;[39m &amp#27;[32m&amp#27;[1mThen &amp#27;[22msuccessfully added and deleted from cart&amp#27;[39m                                   &amp#27;[90m# StepDefinitions.D_Cart.successfully_added_and_deleted_from_cart()&amp#27;[39m
]]></system-out>
    <system-err><![CDATA[Sep 06, 2025 8:58:15 AM org.openqa.selenium.devtools.CdpVersionFinder findNearestMatch
WARNING: Unable to find CDP implementation matching 139
Sep 06, 2025 8:58:15 AM org.openqa.selenium.chromium.ChromiumDriver lambda$new$5
WARNING: Unable to find version of CDP to use for 139.0.7258.157. You may need to include a dependency on a specific version of the CDP using something similar to `org.seleniumhq.selenium:selenium-devtools-v86:4.22.0` where the version ("v86") matches the version of the chromium-based browser you're using and the version number of the artifact is the same as Selenium's.
]]></system-err>
  </testcase>
  <testcase name="adding a product to wishlist" classname="Add to wishlist" time="7.807">
    <system-out><![CDATA[
&amp#27;[1mScenario Outline:&amp#27;[22m adding a product to wishlist &amp#27;[90m# file:///C:/Users/Spandana/git/Swapna_Capstone_Project_Repo/NopCommerce/src/test/resources/feature/E_Whislist.feature:9&amp#27;[39m
  &amp#27;[32mâœ”&amp#27;[39m &amp#27;[32m&amp#27;[1mGiven &amp#27;[22muser on home page&amp#27;[39m                    &amp#27;[90m# StepDefinitions.E_Whislist.user_on_home_page()&amp#27;[39m
  &amp#27;[32mâœ”&amp#27;[39m &amp#27;[32m&amp#27;[1mWhen &amp#27;[22msearch a &amp#27;[1m"Apple icam"&amp#27;[22m&amp#27;[39m                 &amp#27;[90m# StepDefinitions.E_Whislist.search_a(java.lang.String)&amp#27;[39m
  &amp#27;[32mâœ”&amp#27;[39m &amp#27;[32m&amp#27;[1mWhen &amp#27;[22mopen product and add that to wishlist&amp#27;[39m &amp#27;[90m# StepDefinitions.E_Whislist.open_product_and_add_that_to_wishlist()&amp#27;[39m
Successfully added to wishlist
  &amp#27;[32mâœ”&amp#27;[39m &amp#27;[32m&amp#27;[1mThen &amp#27;[22msuccessfully added to wishlist&amp#27;[39m        &amp#27;[90m# StepDefinitions.E_Whislist.successfully_added_to_wishlist()&amp#27;[39m
]]></system-out>
    <system-err><![CDATA[Sep 06, 2025 8:58:34 AM org.openqa.selenium.devtools.CdpVersionFinder findNearestMatch
WARNING: Unable to find CDP implementation matching 139
Sep 06, 2025 8:58:34 AM org.openqa.selenium.chromium.ChromiumDriver lambda$new$5
WARNING: Unable to find version of CDP to use for 139.0.7258.157. You may need to include a dependency on a specific version of the CDP using something similar to `org.seleniumhq.selenium:selenium-devtools-v86:4.22.0` where the version ("v86") matches the version of the chromium-based browser you're using and the version number of the artifact is the same as Selenium's.
]]></system-err>
  </testcase>
  <testcase name="adding a product product and complete checkout" classname="Product checkout" time="16.695">
    <system-out><![CDATA[
&amp#27;[1mScenario:&amp#27;[22m adding a product product and complete checkout &amp#27;[90m# file:///C:/Users/Spandana/git/Swapna_Capstone_Project_Repo/NopCommerce/src/test/resources/feature/F_Checkout.feature:2&amp#27;[39m
  &amp#27;[32mâœ”&amp#27;[39m &amp#27;[32m&amp#27;[1mGiven &amp#27;[22muser on homepage&amp#27;[39m                               &amp#27;[90m# StepDefinitions.F_Checkout.user_on_homepage()&amp#27;[39m
  &amp#27;[32mâœ”&amp#27;[39m &amp#27;[32m&amp#27;[1mWhen &amp#27;[22msearch a product and add to cart&amp#27;[39m                &amp#27;[90m# StepDefinitions.F_Checkout.search_a_product_and_add_to_cart()&amp#27;[39m
  &amp#27;[32mâœ”&amp#27;[39m &amp#27;[32m&amp#27;[1mAnd &amp#27;[22mNavigate to shopping cart&amp#27;[39m                        &amp#27;[90m# StepDefinitions.F_Checkout.navigate_to_shopping_cart()&amp#27;[39m
  &amp#27;[32mâœ”&amp#27;[39m &amp#27;[32m&amp#27;[1mAnd &amp#27;[22mclick on agree terms&amp#27;[39m                             &amp#27;[90m# StepDefinitions.F_Checkout.click_on_agree_terms()&amp#27;[39m
  &amp#27;[32mâœ”&amp#27;[39m &amp#27;[32m&amp#27;[1mAnd &amp#27;[22mclick on checkout button&amp#27;[39m                         &amp#27;[90m# StepDefinitions.F_Checkout.click_on_checkout_button()&amp#27;[39m
  &amp#27;[32mâœ”&amp#27;[39m &amp#27;[32m&amp#27;[1mAnd &amp#27;[22mclick on checkout as guest button&amp#27;[39m                &amp#27;[90m# StepDefinitions.F_Checkout.click_on_checkout_as_guest_button()&amp#27;[39m
  &amp#27;[32mâœ”&amp#27;[39m &amp#27;[32m&amp#27;[1mAnd &amp#27;[22menter billing details&amp#27;[39m                            &amp#27;[90m# StepDefinitions.F_Checkout.enter_billing_details()&amp#27;[39m
  &amp#27;[32mâœ”&amp#27;[39m &amp#27;[32m&amp#27;[1mAnd &amp#27;[22mclick on continue button&amp#27;[39m                         &amp#27;[90m# StepDefinitions.F_Checkout.click_on_continue_button()&amp#27;[39m
  &amp#27;[32mâœ”&amp#27;[39m &amp#27;[32m&amp#27;[1mAnd &amp#27;[22mselect shipping method and click continue button&amp#27;[39m &amp#27;[90m# StepDefinitions.F_Checkout.select_shipping_method_and_click_continue_button()&amp#27;[39m
  &amp#27;[32mâœ”&amp#27;[39m &amp#27;[32m&amp#27;[1mAnd &amp#27;[22mselect payment method and click continue button&amp#27;[39m  &amp#27;[90m# StepDefinitions.F_Checkout.select_payment_method_and_click_continue_button()&amp#27;[39m
  &amp#27;[32mâœ”&amp#27;[39m &amp#27;[32m&amp#27;[1mAnd &amp#27;[22mclick continue for payment information&amp#27;[39m           &amp#27;[90m# StepDefinitions.F_Checkout.click_continue_for_payment_information()&amp#27;[39m
  &amp#27;[32mâœ”&amp#27;[39m &amp#27;[32m&amp#27;[1mAnd &amp#27;[22mclick on confirm button&amp#27;[39m                          &amp#27;[90m# StepDefinitions.F_Checkout.click_on_confirm_button()&amp#27;[39m
âœ… Placed order successfully
  &amp#27;[32mâœ”&amp#27;[39m &amp#27;[32m&amp#27;[1mThen &amp#27;[22mPlaced order successfully&amp#27;[39m                       &amp#27;[90m# StepDefinitions.F_Checkout.placed_order_successfully()&amp#27;[39m
]]></system-out>
    <system-err><![CDATA[Sep 06, 2025 8:58:42 AM org.openqa.selenium.devtools.CdpVersionFinder findNearestMatch
WARNING: Unable to find CDP implementation matching 139
Sep 06, 2025 8:58:42 AM org.openqa.selenium.chromium.ChromiumDriver lambda$new$5
WARNING: Unable to find version of CDP to use for 139.0.7258.157. You may need to include a dependency on a specific version of the CDP using something similar to `org.seleniumhq.selenium:selenium-devtools-v86:4.22.0` where the version ("v86") matches the version of the chromium-based browser you're using and the version number of the artifact is the same as Selenium's.
]]></system-err>
  </testcase>
  <testcase name="LoggedIn user or Registered user able to logout" classname="Logout functionality" time="15.184">
    <system-out><![CDATA[
&amp#27;[1mScenario:&amp#27;[22m LoggedIn user or Registered user able to logout &amp#27;[90m# file:///C:/Users/Spandana/git/Swapna_Capstone_Project_Repo/NopCommerce/src/test/resources/feature/G_Logout.feature:2&amp#27;[39m
  &amp#27;[32mâœ”&amp#27;[39m &amp#27;[32m&amp#27;[1mGiven &amp#27;[22muser on nopcommerce homepage&amp#27;[39m                    &amp#27;[90m# StepDefinitions.G_Logout.user_on_nopcommerce_homepage()&amp#27;[39m
registered successfully
  &amp#27;[32mâœ”&amp#27;[39m &amp#27;[32m&amp#27;[1mWhen &amp#27;[22mRegister the user&amp#27;[39m                                &amp#27;[90m# StepDefinitions.G_Logout.register_the_user()&amp#27;[39m
  &amp#27;[32mâœ”&amp#27;[39m &amp#27;[32m&amp#27;[1mAnd &amp#27;[22mlogout using logout button&amp#27;[39m                        &amp#27;[90m# StepDefinitions.G_Logout.logout_using_logout_button()&amp#27;[39m
Logged out successfully
  &amp#27;[32mâœ”&amp#27;[39m &amp#27;[32m&amp#27;[1mThen &amp#27;[22mLogged out successfully&amp#27;[39m                          &amp#27;[90m# StepDefinitions.G_Logout.logged_out_successfully()&amp#27;[39m
]]></system-out>
    <system-err><![CDATA[Sep 06, 2025 8:58:59 AM org.openqa.selenium.devtools.CdpVersionFinder findNearestMatch
WARNING: Unable to find CDP implementation matching 139
Sep 06, 2025 8:58:59 AM org.openqa.selenium.chromium.ChromiumDriver lambda$new$5
WARNING: Unable to find version of CDP to use for 139.0.7258.157. You may need to include a dependency on a specific version of the CDP using something similar to `org.seleniumhq.selenium:selenium-devtools-v86:4.22.0` where the version ("v86") matches the version of the chromium-based browser you're using and the version number of the artifact is the same as Selenium's.
]]></system-err>
  </testcase>
  <testcase name="Add a Product to compare list" classname="Compare List functionality" time="5.877">
    <system-out><![CDATA[
&amp#27;[1mScenario:&amp#27;[22m Add a Product to compare list     &amp#27;[90m# file:///C:/Users/Spandana/git/Swapna_Capstone_Project_Repo/NopCommerce/src/test/resources/feature/H_CompareList.feature:2&amp#27;[39m
  &amp#27;[32mâœ”&amp#27;[39m &amp#27;[32m&amp#27;[1mGiven &amp#27;[22mUser on the product page&amp#27;[39m          &amp#27;[90m# StepDefinitions.H_CompareList.user_on_the_product_page()&amp#27;[39m
  &amp#27;[32mâœ”&amp#27;[39m &amp#27;[32m&amp#27;[1mWhen &amp#27;[22madd to compare list&amp#27;[39m                &amp#27;[90m# StepDefinitions.H_CompareList.add_to_compare_list()&amp#27;[39m
Product Added to compare list
  &amp#27;[32mâœ”&amp#27;[39m &amp#27;[32m&amp#27;[1mThen &amp#27;[22msuccessfully added to compare list&amp#27;[39m &amp#27;[90m# StepDefinitions.H_CompareList.successfully_added_to_compare_list()&amp#27;[39m
]]></system-out>
    <system-err><![CDATA[Sep 06, 2025 8:59:14 AM org.openqa.selenium.devtools.CdpVersionFinder findNearestMatch
WARNING: Unable to find CDP implementation matching 139
Sep 06, 2025 8:59:14 AM org.openqa.selenium.chromium.ChromiumDriver lambda$new$5
WARNING: Unable to find version of CDP to use for 139.0.7258.157. You may need to include a dependency on a specific version of the CDP using something similar to `org.seleniumhq.selenium:selenium-devtools-v86:4.22.0` where the version ("v86") matches the version of the chromium-based browser you're using and the version number of the artifact is the same as Selenium's.
]]></system-err>
  </testcase>
  <testcase name="User able to change currency" classname="Change currency functionality" time="5.667">
    <system-out><![CDATA[
&amp#27;[1mScenario:&amp#27;[22m User able to change currency &amp#27;[90m# file:///C:/Users/Spandana/git/Swapna_Capstone_Project_Repo/NopCommerce/src/test/resources/feature/I_Currency.feature:2&amp#27;[39m
  &amp#27;[32mâœ”&amp#27;[39m &amp#27;[32m&amp#27;[1mGiven &amp#27;[22mdefault homepage is open&amp#27;[39m     &amp#27;[90m# StepDefinitions.I_Currency.default_homepage_is_open()&amp#27;[39m
  &amp#27;[32mâœ”&amp#27;[39m &amp#27;[32m&amp#27;[1mWhen &amp#27;[22mchange currency&amp#27;[39m               &amp#27;[90m# StepDefinitions.I_Currency.change_currency()&amp#27;[39m
Changed Currency Succesfully
  &amp#27;[32mâœ”&amp#27;[39m &amp#27;[32m&amp#27;[1mThen &amp#27;[22msuccessfully currency change&amp#27;[39m  &amp#27;[90m# StepDefinitions.I_Currency.successfully_currency_change()&amp#27;[39m
]]></system-out>
    <system-err><![CDATA[Sep 06, 2025 8:59:20 AM org.openqa.selenium.devtools.CdpVersionFinder findNearestMatch
WARNING: Unable to find CDP implementation matching 139
Sep 06, 2025 8:59:20 AM org.openqa.selenium.chromium.ChromiumDriver lambda$new$5
WARNING: Unable to find version of CDP to use for 139.0.7258.157. You may need to include a dependency on a specific version of the CDP using something similar to `org.seleniumhq.selenium:selenium-devtools-v86:4.22.0` where the version ("v86") matches the version of the chromium-based browser you're using and the version number of the artifact is the same as Selenium's.
]]></system-err>
  </testcase>
  <testcase name="User able to navigate through category" classname="Shop by Category functionality" time="8.075">
    <system-out><![CDATA[
&amp#27;[1mScenario:&amp#27;[22m User able to navigate through category &amp#27;[90m# file:///C:/Users/Spandana/git/Swapna_Capstone_Project_Repo/NopCommerce/src/test/resources/feature/J_ShopByCat.feature:2&amp#27;[39m
  &amp#27;[32mâœ”&amp#27;[39m &amp#27;[32m&amp#27;[1mGiven &amp#27;[22muser on default homepage&amp#27;[39m               &amp#27;[90m# StepDefinitions.J_ShopByCat.user_on_default_homepage()&amp#27;[39m
  &amp#27;[32mâœ”&amp#27;[39m &amp#27;[32m&amp#27;[1mWhen &amp#27;[22mnavigate to Apparel category&amp#27;[39m            &amp#27;[90m# StepDefinitions.J_ShopByCat.navigate_to_apparel_category()&amp#27;[39m
  &amp#27;[32mâœ”&amp#27;[39m &amp#27;[32m&amp#27;[1mAnd &amp#27;[22mclick on shoes&amp#27;[39m                           &amp#27;[90m# StepDefinitions.J_ShopByCat.click_on_shoes()&amp#27;[39m
User able to navigate and shop and by category
  &amp#27;[32mâœ”&amp#27;[39m &amp#27;[32m&amp#27;[1mThen &amp#27;[22mable to shop by category successfully&amp#27;[39m   &amp#27;[90m# StepDefinitions.J_ShopByCat.able_to_shop_by_category_successfully()&amp#27;[39m
]]></system-out>
    <system-err><![CDATA[Sep 06, 2025 8:59:26 AM org.openqa.selenium.devtools.CdpVersionFinder findNearestMatch
WARNING: Unable to find CDP implementation matching 139
Sep 06, 2025 8:59:26 AM org.openqa.selenium.chromium.ChromiumDriver lambda$new$5
WARNING: Unable to find version of CDP to use for 139.0.7258.157. You may need to include a dependency on a specific version of the CDP using something similar to `org.seleniumhq.selenium:selenium-devtools-v86:4.22.0` where the version ("v86") matches the version of the chromium-based browser you're using and the version number of the artifact is the same as Selenium's.
]]></system-err>
  </testcase>
</testsuite>